
7:07:44 PM - Starting compilation in watch mode...


7:07:47 PM - Found 0 errors. Watching for file changes.

7:07:49 PM - File change detected. Starting incremental compilation...


7:07:49 PM - Found 0 errors. Watching for file changes.

7:07:51 PM - File change detected. Starting incremental compilation...


7:07:51 PM - Found 0 errors. Watching for file changes.

7:07:52 PM - File change detected. Starting incremental compilation...


7:07:52 PM - Found 0 errors. Watching for file changes.

7:08:22 PM - File change detected. Starting incremental compilation...


7:08:22 PM - Found 0 errors. Watching for file changes.

7:08:23 PM - File change detected. Starting incremental compilation...


7:08:23 PM - Found 0 errors. Watching for file changes.

7:08:39 PM - File change detected. Starting incremental compilation...


7:08:39 PM - Found 0 errors. Watching for file changes.

7:08:43 PM - File change detected. Starting incremental compilation...


7:08:43 PM - Found 0 errors. Watching for file changes.

7:08:47 PM - File change detected. Starting incremental compilation...


7:08:47 PM - Found 0 errors. Watching for file changes.

7:08:49 PM - File change detected. Starting incremental compilation...


7:08:49 PM - Found 0 errors. Watching for file changes.

7:08:52 PM - File change detected. Starting incremental compilation...


7:08:52 PM - Found 0 errors. Watching for file changes.

7:08:53 PM - File change detected. Starting incremental compilation...


7:08:53 PM - Found 0 errors. Watching for file changes.

7:08:57 PM - File change detected. Starting incremental compilation...


7:08:57 PM - Found 0 errors. Watching for file changes.

7:11:03 PM - File change detected. Starting incremental compilation...


7:11:03 PM - Found 0 errors. Watching for file changes.

7:11:05 PM - File change detected. Starting incremental compilation...


7:11:06 PM - Found 0 errors. Watching for file changes.

7:11:08 PM - File change detected. Starting incremental compilation...


7:11:08 PM - Found 0 errors. Watching for file changes.

7:11:11 PM - File change detected. Starting incremental compilation...


7:11:12 PM - Found 0 errors. Watching for file changes.

7:11:14 PM - File change detected. Starting incremental compilation...


7:11:14 PM - Found 0 errors. Watching for file changes.

7:11:16 PM - File change detected. Starting incremental compilation...


7:11:16 PM - Found 0 errors. Watching for file changes.

7:11:20 PM - File change detected. Starting incremental compilation...


7:11:20 PM - Found 0 errors. Watching for file changes.

7:11:21 PM - File change detected. Starting incremental compilation...


7:11:21 PM - Found 0 errors. Watching for file changes.

7:11:25 PM - File change detected. Starting incremental compilation...


7:11:25 PM - Found 0 errors. Watching for file changes.

7:17:20 PM - File change detected. Starting incremental compilation...


7:17:20 PM - Found 0 errors. Watching for file changes.

7:17:20 PM - File change detected. Starting incremental compilation...


7:17:20 PM - Found 0 errors. Watching for file changes.

7:17:23 PM - File change detected. Starting incremental compilation...


7:17:23 PM - Found 0 errors. Watching for file changes.

7:17:25 PM - File change detected. Starting incremental compilation...


7:17:25 PM - Found 0 errors. Watching for file changes.

7:17:28 PM - File change detected. Starting incremental compilation...


7:17:28 PM - Found 0 errors. Watching for file changes.

7:20:12 PM - File change detected. Starting incremental compilation...


7:20:12 PM - Found 0 errors. Watching for file changes.

7:20:14 PM - File change detected. Starting incremental compilation...


7:20:14 PM - Found 0 errors. Watching for file changes.

7:20:16 PM - File change detected. Starting incremental compilation...


7:20:16 PM - Found 0 errors. Watching for file changes.

7:20:19 PM - File change detected. Starting incremental compilation...


7:20:19 PM - Found 0 errors. Watching for file changes.

7:21:23 PM - File change detected. Starting incremental compilation...


7:21:23 PM - Found 0 errors. Watching for file changes.

7:21:26 PM - File change detected. Starting incremental compilation...


7:21:26 PM - Found 0 errors. Watching for file changes.

7:21:28 PM - File change detected. Starting incremental compilation...


7:21:28 PM - Found 0 errors. Watching for file changes.

7:21:32 PM - File change detected. Starting incremental compilation...


7:21:32 PM - Found 0 errors. Watching for file changes.

7:22:29 PM - File change detected. Starting incremental compilation...


7:22:30 PM - Found 0 errors. Watching for file changes.

7:22:33 PM - File change detected. Starting incremental compilation...


7:22:33 PM - Found 0 errors. Watching for file changes.

7:22:35 PM - File change detected. Starting incremental compilation...


7:22:35 PM - Found 0 errors. Watching for file changes.

7:22:38 PM - File change detected. Starting incremental compilation...


7:22:38 PM - Found 0 errors. Watching for file changes.

7:22:39 PM - File change detected. Starting incremental compilation...


7:22:39 PM - Found 0 errors. Watching for file changes.

7:22:43 PM - File change detected. Starting incremental compilation...


7:22:43 PM - Found 0 errors. Watching for file changes.

7:25:43 PM - File change detected. Starting incremental compilation...


7:25:43 PM - Found 0 errors. Watching for file changes.

7:25:55 PM - File change detected. Starting incremental compilation...


7:25:55 PM - Found 0 errors. Watching for file changes.

7:26:12 PM - File change detected. Starting incremental compilation...


7:26:12 PM - Found 0 errors. Watching for file changes.

7:26:13 PM - File change detected. Starting incremental compilation...


7:26:13 PM - Found 0 errors. Watching for file changes.

7:26:16 PM - File change detected. Starting incremental compilation...


7:26:16 PM - Found 0 errors. Watching for file changes.

7:26:18 PM - File change detected. Starting incremental compilation...


7:26:18 PM - Found 0 errors. Watching for file changes.

7:26:19 PM - File change detected. Starting incremental compilation...


7:26:19 PM - Found 0 errors. Watching for file changes.

7:26:37 PM - File change detected. Starting incremental compilation...


7:26:37 PM - Found 0 errors. Watching for file changes.

7:26:55 PM - File change detected. Starting incremental compilation...


7:26:55 PM - Found 0 errors. Watching for file changes.

7:27:04 PM - File change detected. Starting incremental compilation...


7:27:04 PM - Found 0 errors. Watching for file changes.

7:27:05 PM - File change detected. Starting incremental compilation...


7:27:05 PM - Found 0 errors. Watching for file changes.

7:27:08 PM - File change detected. Starting incremental compilation...


7:27:08 PM - Found 0 errors. Watching for file changes.

7:27:09 PM - File change detected. Starting incremental compilation...


7:27:09 PM - Found 0 errors. Watching for file changes.

7:27:11 PM - File change detected. Starting incremental compilation...


7:27:11 PM - Found 0 errors. Watching for file changes.

7:48:55 PM - File change detected. Starting incremental compilation...


7:48:55 PM - Found 0 errors. Watching for file changes.

7:48:56 PM - File change detected. Starting incremental compilation...


7:48:56 PM - Found 0 errors. Watching for file changes.

7:48:58 PM - File change detected. Starting incremental compilation...


7:48:58 PM - Found 0 errors. Watching for file changes.

7:49:00 PM - File change detected. Starting incremental compilation...


7:49:00 PM - Found 0 errors. Watching for file changes.

7:49:12 PM - File change detected. Starting incremental compilation...


7:49:12 PM - Found 0 errors. Watching for file changes.

7:49:15 PM - File change detected. Starting incremental compilation...


7:49:15 PM - Found 0 errors. Watching for file changes.

7:49:18 PM - File change detected. Starting incremental compilation...


7:49:18 PM - Found 0 errors. Watching for file changes.

7:49:20 PM - File change detected. Starting incremental compilation...


7:49:20 PM - Found 0 errors. Watching for file changes.

7:50:39 PM - File change detected. Starting incremental compilation...


7:50:39 PM - Found 0 errors. Watching for file changes.

7:50:43 PM - File change detected. Starting incremental compilation...


7:50:43 PM - Found 0 errors. Watching for file changes.

7:50:45 PM - File change detected. Starting incremental compilation...


7:50:45 PM - Found 0 errors. Watching for file changes.

7:50:48 PM - File change detected. Starting incremental compilation...


7:50:48 PM - Found 0 errors. Watching for file changes.

7:50:50 PM - File change detected. Starting incremental compilation...


7:50:50 PM - Found 0 errors. Watching for file changes.

7:51:35 PM - File change detected. Starting incremental compilation...


7:51:35 PM - Found 0 errors. Watching for file changes.

7:51:36 PM - File change detected. Starting incremental compilation...


7:51:36 PM - Found 0 errors. Watching for file changes.

7:51:39 PM - File change detected. Starting incremental compilation...


7:51:39 PM - Found 0 errors. Watching for file changes.

7:51:48 PM - File change detected. Starting incremental compilation...


7:51:49 PM - Found 0 errors. Watching for file changes.

7:51:51 PM - File change detected. Starting incremental compilation...


7:51:51 PM - Found 0 errors. Watching for file changes.

7:51:57 PM - File change detected. Starting incremental compilation...


7:51:57 PM - Found 0 errors. Watching for file changes.

7:52:00 PM - File change detected. Starting incremental compilation...


7:52:00 PM - Found 0 errors. Watching for file changes.

7:52:04 PM - File change detected. Starting incremental compilation...


7:52:04 PM - Found 0 errors. Watching for file changes.

7:52:06 PM - File change detected. Starting incremental compilation...


7:52:06 PM - Found 0 errors. Watching for file changes.

7:52:09 PM - File change detected. Starting incremental compilation...


7:52:09 PM - Found 0 errors. Watching for file changes.

7:52:11 PM - File change detected. Starting incremental compilation...


7:52:11 PM - Found 0 errors. Watching for file changes.

7:52:23 PM - File change detected. Starting incremental compilation...


7:52:23 PM - Found 0 errors. Watching for file changes.

7:52:25 PM - File change detected. Starting incremental compilation...


7:52:25 PM - Found 0 errors. Watching for file changes.

7:52:27 PM - File change detected. Starting incremental compilation...


7:52:27 PM - Found 0 errors. Watching for file changes.

7:52:29 PM - File change detected. Starting incremental compilation...


7:52:29 PM - Found 0 errors. Watching for file changes.

7:52:32 PM - File change detected. Starting incremental compilation...


7:52:32 PM - Found 0 errors. Watching for file changes.

7:52:33 PM - File change detected. Starting incremental compilation...


7:52:33 PM - Found 0 errors. Watching for file changes.

7:52:37 PM - File change detected. Starting incremental compilation...


7:52:37 PM - Found 0 errors. Watching for file changes.

7:52:58 PM - File change detected. Starting incremental compilation...


7:52:58 PM - Found 0 errors. Watching for file changes.

8:10:54 PM - File change detected. Starting incremental compilation...


8:10:55 PM - Found 0 errors. Watching for file changes.

8:10:59 PM - File change detected. Starting incremental compilation...


8:10:59 PM - Found 0 errors. Watching for file changes.

8:11:00 PM - File change detected. Starting incremental compilation...


8:11:00 PM - Found 0 errors. Watching for file changes.

8:11:03 PM - File change detected. Starting incremental compilation...


8:11:03 PM - Found 0 errors. Watching for file changes.

8:11:09 PM - File change detected. Starting incremental compilation...


8:11:09 PM - Found 0 errors. Watching for file changes.

8:11:10 PM - File change detected. Starting incremental compilation...


8:11:10 PM - Found 0 errors. Watching for file changes.

8:11:13 PM - File change detected. Starting incremental compilation...


8:11:13 PM - Found 0 errors. Watching for file changes.

8:11:17 PM - File change detected. Starting incremental compilation...


8:11:17 PM - Found 0 errors. Watching for file changes.

8:11:19 PM - File change detected. Starting incremental compilation...


8:11:19 PM - Found 0 errors. Watching for file changes.

8:11:22 PM - File change detected. Starting incremental compilation...


8:11:22 PM - Found 0 errors. Watching for file changes.

8:11:24 PM - File change detected. Starting incremental compilation...


8:11:24 PM - Found 0 errors. Watching for file changes.

8:11:36 PM - File change detected. Starting incremental compilation...


8:11:36 PM - Found 0 errors. Watching for file changes.

8:11:38 PM - File change detected. Starting incremental compilation...


8:11:38 PM - Found 0 errors. Watching for file changes.

8:11:40 PM - File change detected. Starting incremental compilation...


8:11:40 PM - Found 0 errors. Watching for file changes.

8:11:42 PM - File change detected. Starting incremental compilation...


8:11:42 PM - Found 0 errors. Watching for file changes.

8:11:45 PM - File change detected. Starting incremental compilation...


8:11:45 PM - Found 0 errors. Watching for file changes.

8:11:47 PM - File change detected. Starting incremental compilation...


8:11:47 PM - Found 0 errors. Watching for file changes.

8:11:51 PM - File change detected. Starting incremental compilation...


8:11:51 PM - Found 0 errors. Watching for file changes.

8:12:10 PM - File change detected. Starting incremental compilation...


8:12:10 PM - Found 0 errors. Watching for file changes.

8:12:17 PM - File change detected. Starting incremental compilation...


8:12:17 PM - Found 0 errors. Watching for file changes.

8:12:18 PM - File change detected. Starting incremental compilation...


8:12:18 PM - Found 0 errors. Watching for file changes.

8:12:21 PM - File change detected. Starting incremental compilation...


8:12:21 PM - Found 0 errors. Watching for file changes.

8:12:26 PM - File change detected. Starting incremental compilation...


8:12:26 PM - Found 0 errors. Watching for file changes.

8:12:29 PM - File change detected. Starting incremental compilation...


8:12:29 PM - Found 0 errors. Watching for file changes.

8:12:32 PM - File change detected. Starting incremental compilation...


8:12:32 PM - Found 0 errors. Watching for file changes.

8:12:48 PM - File change detected. Starting incremental compilation...


8:12:48 PM - Found 0 errors. Watching for file changes.

8:12:50 PM - File change detected. Starting incremental compilation...


8:12:50 PM - Found 0 errors. Watching for file changes.

8:12:51 PM - File change detected. Starting incremental compilation...


8:12:51 PM - Found 0 errors. Watching for file changes.

8:12:52 PM - File change detected. Starting incremental compilation...


8:12:52 PM - Found 0 errors. Watching for file changes.

8:12:55 PM - File change detected. Starting incremental compilation...


8:12:55 PM - Found 0 errors. Watching for file changes.

8:12:58 PM - File change detected. Starting incremental compilation...


8:12:58 PM - Found 0 errors. Watching for file changes.

8:13:00 PM - File change detected. Starting incremental compilation...


8:13:00 PM - Found 0 errors. Watching for file changes.

8:13:03 PM - File change detected. Starting incremental compilation...


8:13:03 PM - Found 0 errors. Watching for file changes.

8:29:19 PM - File change detected. Starting incremental compilation...

src/app/api/checkout/route.ts(45,33): error TS2345: Argument of type '{ "line_items[0][price]": string; "line_items[0][quantity]": any; "shipping_options[0][shipping_rate_data][type]": string; "shipping_options[0][shipping_rate_data][fixed_amount][amount]": string; ... 7 more ...; metadata: { ...; }; }' is not assignable to parameter of type 'string | Record<string, string> | string[][] | URLSearchParams | undefined'.
  Types of property 'metadata' are incompatible.
    Type '{ firstName: any; lastName: any; address: any; city: any; postcode: any; }' is not assignable to type 'string'.

8:29:19 PM - Found 1 error. Watching for file changes.

8:29:21 PM - File change detected. Starting incremental compilation...

src/app/api/checkout/route.ts(45,33): error TS2345: Argument of type '{ "line_items[0][price]": string; "line_items[0][quantity]": any; "shipping_options[0][shipping_rate_data][type]": string; "shipping_options[0][shipping_rate_data][fixed_amount][amount]": string; ... 7 more ...; metadata: { ...; }; }' is not assignable to parameter of type 'string | Record<string, string> | string[][] | URLSearchParams | undefined'.
  Types of property 'metadata' are incompatible.
    Type '{ firstName: any; lastName: any; address: any; city: any; postcode: any; }' is not assignable to type 'string'.

8:29:21 PM - Found 1 error. Watching for file changes.

8:29:28 PM - File change detected. Starting incremental compilation...

src/app/api/checkout/route.ts(45,33): error TS2345: Argument of type '{ "line_items[0][price]": string; "line_items[0][quantity]": any; "shipping_options[0][shipping_rate_data][type]": string; "shipping_options[0][shipping_rate_data][fixed_amount][amount]": string; ... 7 more ...; metadata: { ...; }; }' is not assignable to parameter of type 'string | Record<string, string> | string[][] | URLSearchParams | undefined'.
  Types of property 'metadata' are incompatible.
    Type '{ firstName: any; lastName: any; address: any; city: any; postcode: any; }' is not assignable to type 'string'.

8:29:28 PM - Found 1 error. Watching for file changes.

8:29:29 PM - File change detected. Starting incremental compilation...

src/app/api/checkout/route.ts(45,33): error TS2345: Argument of type '{ "line_items[0][price]": string; "line_items[0][quantity]": any; "shipping_options[0][shipping_rate_data][type]": string; "shipping_options[0][shipping_rate_data][fixed_amount][amount]": string; ... 7 more ...; metadata: { ...; }; }' is not assignable to parameter of type 'string | Record<string, string> | string[][] | URLSearchParams | undefined'.
  Types of property 'metadata' are incompatible.
    Type '{ firstName: any; lastName: any; address: any; city: any; postcode: any; }' is not assignable to type 'string'.

8:29:29 PM - Found 1 error. Watching for file changes.

8:29:36 PM - File change detected. Starting incremental compilation...

src/app/api/checkout/route.ts(45,33): error TS2345: Argument of type '{ "line_items[0][price]": string; "line_items[0][quantity]": any; "shipping_options[0][shipping_rate_data][type]": string; "shipping_options[0][shipping_rate_data][fixed_amount][amount]": string; ... 7 more ...; metadata: { ...; }; }' is not assignable to parameter of type 'string | Record<string, string> | string[][] | URLSearchParams | undefined'.
  Types of property 'metadata' are incompatible.
    Type '{ firstName: any; lastName: any; address: any; city: any; postcode: any; }' is not assignable to type 'string'.

8:29:36 PM - Found 1 error. Watching for file changes.

8:29:37 PM - File change detected. Starting incremental compilation...

src/app/api/checkout/route.ts(45,33): error TS2345: Argument of type '{ "line_items[0][price]": string; "line_items[0][quantity]": any; "shipping_options[0][shipping_rate_data][type]": string; "shipping_options[0][shipping_rate_data][fixed_amount][amount]": string; ... 7 more ...; metadata: { ...; }; }' is not assignable to parameter of type 'string | Record<string, string> | string[][] | URLSearchParams | undefined'.
  Types of property 'metadata' are incompatible.
    Type '{ firstName: any; lastName: any; address: any; city: any; postcode: any; }' is not assignable to type 'string'.

8:29:37 PM - Found 1 error. Watching for file changes.

8:29:38 PM - File change detected. Starting incremental compilation...

src/app/api/checkout/route.ts(45,33): error TS2345: Argument of type '{ "line_items[0][price]": string; "line_items[0][quantity]": any; "shipping_options[0][shipping_rate_data][type]": string; "shipping_options[0][shipping_rate_data][fixed_amount][amount]": string; ... 7 more ...; metadata: { ...; }; }' is not assignable to parameter of type 'string | Record<string, string> | string[][] | URLSearchParams | undefined'.
  Types of property 'metadata' are incompatible.
    Type '{ firstName: any; lastName: any; address: any; city: any; postcode: any; }' is not assignable to type 'string'.

8:29:38 PM - Found 1 error. Watching for file changes.

8:29:42 PM - File change detected. Starting incremental compilation...

src/app/api/checkout/route.ts(45,33): error TS2345: Argument of type '{ "line_items[0][price]": string; "line_items[0][quantity]": any; "shipping_options[0][shipping_rate_data][type]": string; "shipping_options[0][shipping_rate_data][fixed_amount][amount]": string; ... 7 more ...; metadata: { ...; }; }' is not assignable to parameter of type 'string | Record<string, string> | string[][] | URLSearchParams | undefined'.
  Types of property 'metadata' are incompatible.
    Type '{ firstName: any; lastName: any; address: any; city: any; postcode: any; }' is not assignable to type 'string'.

8:29:43 PM - Found 1 error. Watching for file changes.

8:29:45 PM - File change detected. Starting incremental compilation...

src/app/api/checkout/route.ts(45,33): error TS2345: Argument of type '{ "line_items[0][price]": string; "line_items[0][quantity]": any; "shipping_options[0][shipping_rate_data][type]": string; "shipping_options[0][shipping_rate_data][fixed_amount][amount]": string; ... 7 more ...; metadata: { ...; }; }' is not assignable to parameter of type 'string | Record<string, string> | string[][] | URLSearchParams | undefined'.
  Types of property 'metadata' are incompatible.
    Type '{ firstName: any; lastName: any; address: any; city: any; postcode: any; }' is not assignable to type 'string'.

8:29:45 PM - Found 1 error. Watching for file changes.

8:29:48 PM - File change detected. Starting incremental compilation...

src/app/api/checkout/route.ts(45,33): error TS2345: Argument of type '{ "line_items[0][price]": string; "line_items[0][quantity]": any; "shipping_options[0][shipping_rate_data][type]": string; "shipping_options[0][shipping_rate_data][fixed_amount][amount]": string; ... 7 more ...; metadata: { ...; }; }' is not assignable to parameter of type 'string | Record<string, string> | string[][] | URLSearchParams | undefined'.
  Types of property 'metadata' are incompatible.
    Type '{ firstName: any; lastName: any; address: any; city: any; postcode: any; }' is not assignable to type 'string'.

8:29:48 PM - Found 1 error. Watching for file changes.

8:29:49 PM - File change detected. Starting incremental compilation...

src/app/api/checkout/route.ts(45,33): error TS2345: Argument of type '{ "line_items[0][price]": string; "line_items[0][quantity]": any; "shipping_options[0][shipping_rate_data][type]": string; "shipping_options[0][shipping_rate_data][fixed_amount][amount]": string; ... 7 more ...; metadata: { ...; }; }' is not assignable to parameter of type 'string | Record<string, string> | string[][] | URLSearchParams | undefined'.
  Types of property 'metadata' are incompatible.
    Type '{ firstName: any; lastName: any; address: any; city: any; postcode: any; }' is not assignable to type 'string'.

8:29:49 PM - Found 1 error. Watching for file changes.

8:30:28 PM - File change detected. Starting incremental compilation...

src/app/api/checkout/route.ts(45,33): error TS2345: Argument of type '{ "line_items[0][price]": string; "line_items[0][quantity]": any; "shipping_options[0][shipping_rate_data][type]": string; "shipping_options[0][shipping_rate_data][fixed_amount][amount]": string; ... 7 more ...; metadata: { ...; }; }' is not assignable to parameter of type 'string | Record<string, string> | string[][] | URLSearchParams | undefined'.
  Types of property 'metadata' are incompatible.
    Type '{ firstName: any; lastName: any; address: any; city: any; postcode: any; }' is not assignable to type 'string'.

8:30:28 PM - Found 1 error. Watching for file changes.

8:30:30 PM - File change detected. Starting incremental compilation...

src/app/api/checkout/route.ts(45,33): error TS2345: Argument of type '{ "line_items[0][price]": string; "line_items[0][quantity]": any; "shipping_options[0][shipping_rate_data][type]": string; "shipping_options[0][shipping_rate_data][fixed_amount][amount]": string; ... 7 more ...; metadata: { ...; }; }' is not assignable to parameter of type 'string | Record<string, string> | string[][] | URLSearchParams | undefined'.
  Types of property 'metadata' are incompatible.
    Type '{ firstName: any; lastName: any; address: any; city: any; postcode: any; }' is not assignable to type 'string'.

8:30:31 PM - Found 1 error. Watching for file changes.

8:30:33 PM - File change detected. Starting incremental compilation...

src/app/api/checkout/route.ts(45,33): error TS2345: Argument of type '{ "line_items[0][price]": string; "line_items[0][quantity]": any; "shipping_options[0][shipping_rate_data][type]": string; "shipping_options[0][shipping_rate_data][fixed_amount][amount]": string; ... 7 more ...; metadata: { ...; }; }' is not assignable to parameter of type 'string | Record<string, string> | string[][] | URLSearchParams | undefined'.
  Types of property 'metadata' are incompatible.
    Type '{ firstName: any; lastName: any; address: any; city: any; postcode: any; }' is not assignable to type 'string'.

8:30:33 PM - Found 1 error. Watching for file changes.

8:30:37 PM - File change detected. Starting incremental compilation...

src/app/api/checkout/route.ts(45,33): error TS2345: Argument of type '{ "line_items[0][price]": string; "line_items[0][quantity]": any; "shipping_options[0][shipping_rate_data][type]": string; "shipping_options[0][shipping_rate_data][fixed_amount][amount]": string; ... 7 more ...; metadata: { ...; }; }' is not assignable to parameter of type 'string | Record<string, string> | string[][] | URLSearchParams | undefined'.
  Types of property 'metadata' are incompatible.
    Type '{ firstName: any; lastName: any; address: any; city: any; postcode: any; }' is not assignable to type 'string'.

8:30:37 PM - Found 1 error. Watching for file changes.

8:30:43 PM - File change detected. Starting incremental compilation...


8:30:43 PM - Found 0 errors. Watching for file changes.

8:30:44 PM - File change detected. Starting incremental compilation...


8:30:44 PM - Found 0 errors. Watching for file changes.

8:30:45 PM - File change detected. Starting incremental compilation...


8:30:45 PM - Found 0 errors. Watching for file changes.

8:30:49 PM - File change detected. Starting incremental compilation...


8:30:49 PM - Found 0 errors. Watching for file changes.

8:30:51 PM - File change detected. Starting incremental compilation...


8:30:51 PM - Found 0 errors. Watching for file changes.

8:30:55 PM - File change detected. Starting incremental compilation...


8:30:55 PM - Found 0 errors. Watching for file changes.

8:30:56 PM - File change detected. Starting incremental compilation...


8:30:56 PM - Found 0 errors. Watching for file changes.

8:31:00 PM - File change detected. Starting incremental compilation...


8:31:00 PM - Found 0 errors. Watching for file changes.

8:31:03 PM - File change detected. Starting incremental compilation...

.next/types/app/order-confirmed/page.ts(25,4): error TS2344: Type 'typeof import("/home/user/agent-runtime/websites/src/app/order-confirmed/page")' does not satisfy the constraint '{ default: Function; config?: {} | undefined; generateStaticParams?: Function | undefined; revalidate?: false | undefined; dynamic?: "auto" | "force-dynamic" | "error" | "force-static" | undefined; ... 8 more ...; generateViewport?: Function | undefined; }'.
  Property 'default' is missing in type 'typeof import("/home/user/agent-runtime/websites/src/app/order-confirmed/page")' but required in type '{ default: Function; config?: {} | undefined; generateStaticParams?: Function | undefined; revalidate?: false | undefined; dynamic?: "auto" | "force-dynamic" | "error" | "force-static" | undefined; ... 8 more ...; generateViewport?: Function | undefined; }'.
.next/types/app/order-confirmed/page.ts(28,45): error TS2339: Property 'default' does not exist on type 'typeof import("/home/user/agent-runtime/websites/src/app/order-confirmed/page")'.
src/app/order-confirmed/page.tsx(3,43): error TS2307: Cannot find module 'react/next' or its corresponding type declarations.

8:31:03 PM - Found 3 errors. Watching for file changes.

8:31:04 PM - File change detected. Starting incremental compilation...

.next/types/app/order-confirmed/page.ts(25,4): error TS2344: Type 'typeof import("/home/user/agent-runtime/websites/src/app/order-confirmed/page")' does not satisfy the constraint '{ default: Function; config?: {} | undefined; generateStaticParams?: Function | undefined; revalidate?: false | undefined; dynamic?: "auto" | "force-dynamic" | "error" | "force-static" | undefined; ... 8 more ...; generateViewport?: Function | undefined; }'.
  Property 'default' is missing in type 'typeof import("/home/user/agent-runtime/websites/src/app/order-confirmed/page")' but required in type '{ default: Function; config?: {} | undefined; generateStaticParams?: Function | undefined; revalidate?: false | undefined; dynamic?: "auto" | "force-dynamic" | "error" | "force-static" | undefined; ... 8 more ...; generateViewport?: Function | undefined; }'.
.next/types/app/order-confirmed/page.ts(28,45): error TS2339: Property 'default' does not exist on type 'typeof import("/home/user/agent-runtime/websites/src/app/order-confirmed/page")'.
src/app/order-confirmed/page.tsx(3,43): error TS2307: Cannot find module 'react/next' or its corresponding type declarations.

8:31:04 PM - Found 3 errors. Watching for file changes.

8:31:06 PM - File change detected. Starting incremental compilation...

src/app/order-confirmed/page.tsx(3,43): error TS2307: Cannot find module 'react/next' or its corresponding type declarations.

8:31:06 PM - Found 1 error. Watching for file changes.

8:31:09 PM - File change detected. Starting incremental compilation...

src/app/order-confirmed/page.tsx(3,43): error TS2307: Cannot find module 'react/next' or its corresponding type declarations.

8:31:10 PM - Found 1 error. Watching for file changes.

8:31:12 PM - File change detected. Starting incremental compilation...

src/app/order-confirmed/page.tsx(3,43): error TS2307: Cannot find module 'react/next' or its corresponding type declarations.

8:31:12 PM - Found 1 error. Watching for file changes.

8:31:14 PM - File change detected. Starting incremental compilation...

src/app/order-confirmed/page.tsx(3,27): error TS2305: Module '"next/navigation"' has no exported member 'Suspense'.

8:31:14 PM - Found 1 error. Watching for file changes.

8:31:15 PM - File change detected. Starting incremental compilation...

src/app/order-confirmed/page.tsx(3,27): error TS2305: Module '"next/navigation"' has no exported member 'Suspense'.

8:31:15 PM - Found 1 error. Watching for file changes.

8:31:18 PM - File change detected. Starting incremental compilation...

src/app/order-confirmed/page.tsx(3,27): error TS2305: Module '"next/navigation"' has no exported member 'Suspense'.

8:31:18 PM - Found 1 error. Watching for file changes.

8:31:22 PM - File change detected. Starting incremental compilation...

src/app/order-confirmed/page.tsx(3,27): error TS2305: Module '"next/navigation"' has no exported member 'Suspense'.

8:31:22 PM - Found 1 error. Watching for file changes.

8:31:24 PM - File change detected. Starting incremental compilation...

src/app/order-confirmed/page.tsx(3,27): error TS2305: Module '"next/navigation"' has no exported member 'Suspense'.

8:31:24 PM - Found 1 error. Watching for file changes.

8:31:28 PM - File change detected. Starting incremental compilation...


8:31:29 PM - Found 0 errors. Watching for file changes.

8:31:30 PM - File change detected. Starting incremental compilation...


8:31:30 PM - Found 0 errors. Watching for file changes.

8:31:32 PM - File change detected. Starting incremental compilation...


8:31:32 PM - Found 0 errors. Watching for file changes.

8:31:35 PM - File change detected. Starting incremental compilation...


8:31:35 PM - Found 0 errors. Watching for file changes.

8:31:38 PM - File change detected. Starting incremental compilation...


8:31:38 PM - Found 0 errors. Watching for file changes.

8:31:50 PM - File change detected. Starting incremental compilation...


8:31:50 PM - Found 0 errors. Watching for file changes.

8:31:52 PM - File change detected. Starting incremental compilation...


8:31:52 PM - Found 0 errors. Watching for file changes.

8:31:54 PM - File change detected. Starting incremental compilation...


8:31:54 PM - Found 0 errors. Watching for file changes.

8:31:57 PM - File change detected. Starting incremental compilation...


8:31:57 PM - Found 0 errors. Watching for file changes.

8:32:00 PM - File change detected. Starting incremental compilation...


8:32:00 PM - Found 0 errors. Watching for file changes.

8:32:02 PM - File change detected. Starting incremental compilation...


8:32:02 PM - Found 0 errors. Watching for file changes.

8:32:05 PM - File change detected. Starting incremental compilation...


8:32:05 PM - Found 0 errors. Watching for file changes.

8:32:30 PM - File change detected. Starting incremental compilation...


8:32:30 PM - Found 0 errors. Watching for file changes.

8:36:33 PM - File change detected. Starting incremental compilation...


8:36:33 PM - Found 0 errors. Watching for file changes.

8:36:34 PM - File change detected. Starting incremental compilation...


8:36:34 PM - Found 0 errors. Watching for file changes.

8:36:38 PM - File change detected. Starting incremental compilation...


8:36:38 PM - Found 0 errors. Watching for file changes.

8:36:43 PM - File change detected. Starting incremental compilation...


8:36:44 PM - Found 0 errors. Watching for file changes.

8:36:54 PM - File change detected. Starting incremental compilation...


8:36:55 PM - Found 0 errors. Watching for file changes.

8:36:55 PM - File change detected. Starting incremental compilation...


8:36:55 PM - Found 0 errors. Watching for file changes.

8:36:57 PM - File change detected. Starting incremental compilation...


8:36:57 PM - Found 0 errors. Watching for file changes.

8:37:01 PM - File change detected. Starting incremental compilation...


8:37:02 PM - Found 0 errors. Watching for file changes.

8:37:04 PM - File change detected. Starting incremental compilation...


8:37:04 PM - Found 0 errors. Watching for file changes.

8:37:07 PM - File change detected. Starting incremental compilation...


8:37:07 PM - Found 0 errors. Watching for file changes.

8:37:09 PM - File change detected. Starting incremental compilation...


8:37:09 PM - Found 0 errors. Watching for file changes.

8:37:22 PM - File change detected. Starting incremental compilation...


8:37:23 PM - Found 0 errors. Watching for file changes.

8:37:24 PM - File change detected. Starting incremental compilation...


8:37:24 PM - Found 0 errors. Watching for file changes.

8:37:26 PM - File change detected. Starting incremental compilation...


8:37:26 PM - Found 0 errors. Watching for file changes.

8:37:29 PM - File change detected. Starting incremental compilation...


8:37:29 PM - Found 0 errors. Watching for file changes.

8:37:32 PM - File change detected. Starting incremental compilation...


8:37:32 PM - Found 0 errors. Watching for file changes.

8:37:34 PM - File change detected. Starting incremental compilation...


8:37:34 PM - Found 0 errors. Watching for file changes.

8:37:38 PM - File change detected. Starting incremental compilation...


8:37:38 PM - Found 0 errors. Watching for file changes.

8:37:55 PM - File change detected. Starting incremental compilation...


8:37:55 PM - Found 0 errors. Watching for file changes.

8:38:13 PM - File change detected. Starting incremental compilation...


8:38:13 PM - Found 0 errors. Watching for file changes.

8:38:15 PM - File change detected. Starting incremental compilation...


8:38:15 PM - Found 0 errors. Watching for file changes.

8:38:21 PM - File change detected. Starting incremental compilation...


8:38:21 PM - Found 0 errors. Watching for file changes.

8:38:23 PM - File change detected. Starting incremental compilation...


8:38:23 PM - Found 0 errors. Watching for file changes.

8:38:28 PM - File change detected. Starting incremental compilation...


8:38:28 PM - Found 0 errors. Watching for file changes.

8:38:30 PM - File change detected. Starting incremental compilation...


8:38:30 PM - Found 0 errors. Watching for file changes.

8:38:33 PM - File change detected. Starting incremental compilation...


8:38:33 PM - Found 0 errors. Watching for file changes.

8:38:35 PM - File change detected. Starting incremental compilation...


8:38:35 PM - Found 0 errors. Watching for file changes.

8:38:47 PM - File change detected. Starting incremental compilation...


8:38:47 PM - Found 0 errors. Watching for file changes.

8:38:49 PM - File change detected. Starting incremental compilation...


8:38:49 PM - Found 0 errors. Watching for file changes.

8:38:51 PM - File change detected. Starting incremental compilation...


8:38:51 PM - Found 0 errors. Watching for file changes.

8:38:54 PM - File change detected. Starting incremental compilation...


8:38:54 PM - Found 0 errors. Watching for file changes.

8:38:57 PM - File change detected. Starting incremental compilation...


8:38:57 PM - Found 0 errors. Watching for file changes.

8:38:58 PM - File change detected. Starting incremental compilation...


8:38:58 PM - Found 0 errors. Watching for file changes.

8:39:02 PM - File change detected. Starting incremental compilation...


8:39:02 PM - Found 0 errors. Watching for file changes.

8:39:22 PM - File change detected. Starting incremental compilation...


8:39:22 PM - Found 0 errors. Watching for file changes.

8:39:32 PM - File change detected. Starting incremental compilation...

src/components/checkout-form.tsx(203,8): error TS2552: Cannot find name 'error'. Did you mean 'Error'?
src/components/checkout-form.tsx(203,54): error TS2552: Cannot find name 'error'. Did you mean 'Error'?
src/components/checkout-form.tsx(207,19): error TS2304: Cannot find name 'loading'.
src/components/checkout-form.tsx(210,10): error TS2304: Cannot find name 'loading'.

8:39:32 PM - Found 4 errors. Watching for file changes.

8:39:33 PM - File change detected. Starting incremental compilation...

src/components/checkout-form.tsx(203,8): error TS2552: Cannot find name 'error'. Did you mean 'Error'?
src/components/checkout-form.tsx(203,54): error TS2552: Cannot find name 'error'. Did you mean 'Error'?
src/components/checkout-form.tsx(207,19): error TS2304: Cannot find name 'loading'.
src/components/checkout-form.tsx(210,10): error TS2304: Cannot find name 'loading'.

8:39:33 PM - Found 4 errors. Watching for file changes.

8:39:37 PM - File change detected. Starting incremental compilation...

src/components/checkout-form.tsx(203,8): error TS2552: Cannot find name 'error'. Did you mean 'Error'?
src/components/checkout-form.tsx(203,54): error TS2552: Cannot find name 'error'. Did you mean 'Error'?

8:39:37 PM - Found 2 errors. Watching for file changes.

8:39:41 PM - File change detected. Starting incremental compilation...

src/components/checkout-form.tsx(203,8): error TS2552: Cannot find name 'error'. Did you mean 'Error'?
src/components/checkout-form.tsx(203,54): error TS2552: Cannot find name 'error'. Did you mean 'Error'?

8:39:41 PM - Found 2 errors. Watching for file changes.

8:39:45 PM - File change detected. Starting incremental compilation...

src/components/checkout-form.tsx(203,8): error TS2552: Cannot find name 'error'. Did you mean 'Error'?
src/components/checkout-form.tsx(203,54): error TS2552: Cannot find name 'error'. Did you mean 'Error'?

8:39:45 PM - Found 2 errors. Watching for file changes.

8:39:47 PM - File change detected. Starting incremental compilation...

src/components/checkout-form.tsx(203,8): error TS2552: Cannot find name 'error'. Did you mean 'Error'?
src/components/checkout-form.tsx(203,54): error TS2552: Cannot find name 'error'. Did you mean 'Error'?

8:39:47 PM - Found 2 errors. Watching for file changes.

8:39:51 PM - File change detected. Starting incremental compilation...

src/components/checkout-form.tsx(203,8): error TS2552: Cannot find name 'error'. Did you mean 'Error'?
src/components/checkout-form.tsx(203,54): error TS2552: Cannot find name 'error'. Did you mean 'Error'?

8:39:51 PM - Found 2 errors. Watching for file changes.

8:39:52 PM - File change detected. Starting incremental compilation...

src/components/checkout-form.tsx(203,8): error TS2552: Cannot find name 'error'. Did you mean 'Error'?
src/components/checkout-form.tsx(203,54): error TS2552: Cannot find name 'error'. Did you mean 'Error'?

8:39:52 PM - Found 2 errors. Watching for file changes.

8:39:58 PM - File change detected. Starting incremental compilation...

_build/src/components/checkout-form.tsx(203,8): error TS2552: Cannot find name 'error'. Did you mean 'Error'?
_build/src/components/checkout-form.tsx(203,54): error TS2552: Cannot find name 'error'. Did you mean 'Error'?
src/components/checkout-form.tsx(203,8): error TS2552: Cannot find name 'error'. Did you mean 'Error'?
src/components/checkout-form.tsx(203,54): error TS2552: Cannot find name 'error'. Did you mean 'Error'?

8:39:59 PM - Found 4 errors. Watching for file changes.

8:40:00 PM - File change detected. Starting incremental compilation...

_build/src/components/checkout-form.tsx(203,8): error TS2552: Cannot find name 'error'. Did you mean 'Error'?
_build/src/components/checkout-form.tsx(203,54): error TS2552: Cannot find name 'error'. Did you mean 'Error'?
src/components/checkout-form.tsx(203,8): error TS2552: Cannot find name 'error'. Did you mean 'Error'?
src/components/checkout-form.tsx(203,54): error TS2552: Cannot find name 'error'. Did you mean 'Error'?

8:40:00 PM - Found 4 errors. Watching for file changes.

8:40:03 PM - File change detected. Starting incremental compilation...

_build/src/components/checkout-form.tsx(203,8): error TS2552: Cannot find name 'error'. Did you mean 'Error'?
_build/src/components/checkout-form.tsx(203,54): error TS2552: Cannot find name 'error'. Did you mean 'Error'?
src/components/checkout-form.tsx(203,8): error TS2552: Cannot find name 'error'. Did you mean 'Error'?
src/components/checkout-form.tsx(203,54): error TS2552: Cannot find name 'error'. Did you mean 'Error'?

8:40:03 PM - Found 4 errors. Watching for file changes.

8:40:05 PM - File change detected. Starting incremental compilation...

_build/src/components/checkout-form.tsx(203,8): error TS2552: Cannot find name 'error'. Did you mean 'Error'?
_build/src/components/checkout-form.tsx(203,54): error TS2552: Cannot find name 'error'. Did you mean 'Error'?
src/components/checkout-form.tsx(203,8): error TS2552: Cannot find name 'error'. Did you mean 'Error'?
src/components/checkout-form.tsx(203,54): error TS2552: Cannot find name 'error'. Did you mean 'Error'?

8:40:05 PM - Found 4 errors. Watching for file changes.

8:40:08 PM - File change detected. Starting incremental compilation...

_build/src/components/checkout-form.tsx(203,8): error TS2552: Cannot find name 'error'. Did you mean 'Error'?
_build/src/components/checkout-form.tsx(203,54): error TS2552: Cannot find name 'error'. Did you mean 'Error'?
src/components/checkout-form.tsx(203,8): error TS2552: Cannot find name 'error'. Did you mean 'Error'?
src/components/checkout-form.tsx(203,54): error TS2552: Cannot find name 'error'. Did you mean 'Error'?

8:40:08 PM - Found 4 errors. Watching for file changes.

8:40:10 PM - File change detected. Starting incremental compilation...

_build/src/components/checkout-form.tsx(203,8): error TS2552: Cannot find name 'error'. Did you mean 'Error'?
_build/src/components/checkout-form.tsx(203,54): error TS2552: Cannot find name 'error'. Did you mean 'Error'?
src/components/checkout-form.tsx(203,8): error TS2552: Cannot find name 'error'. Did you mean 'Error'?
src/components/checkout-form.tsx(203,54): error TS2552: Cannot find name 'error'. Did you mean 'Error'?

8:40:10 PM - Found 4 errors. Watching for file changes.

8:40:15 PM - File change detected. Starting incremental compilation...

_build/src/components/checkout-form.tsx(203,8): error TS2552: Cannot find name 'error'. Did you mean 'Error'?
_build/src/components/checkout-form.tsx(203,54): error TS2552: Cannot find name 'error'. Did you mean 'Error'?
src/components/checkout-form.tsx(203,8): error TS2552: Cannot find name 'error'. Did you mean 'Error'?
src/components/checkout-form.tsx(203,54): error TS2552: Cannot find name 'error'. Did you mean 'Error'?

8:40:15 PM - Found 4 errors. Watching for file changes.

8:40:18 PM - File change detected. Starting incremental compilation...

_build/src/components/checkout-form.tsx(203,8): error TS2552: Cannot find name 'error'. Did you mean 'Error'?
_build/src/components/checkout-form.tsx(203,54): error TS2552: Cannot find name 'error'. Did you mean 'Error'?
src/components/checkout-form.tsx(203,8): error TS2552: Cannot find name 'error'. Did you mean 'Error'?
src/components/checkout-form.tsx(203,54): error TS2552: Cannot find name 'error'. Did you mean 'Error'?

8:40:18 PM - Found 4 errors. Watching for file changes.

8:40:20 PM - File change detected. Starting incremental compilation...

_build/src/components/checkout-form.tsx(203,8): error TS2552: Cannot find name 'error'. Did you mean 'Error'?
_build/src/components/checkout-form.tsx(203,54): error TS2552: Cannot find name 'error'. Did you mean 'Error'?
src/components/checkout-form.tsx(203,8): error TS2552: Cannot find name 'error'. Did you mean 'Error'?
src/components/checkout-form.tsx(203,54): error TS2552: Cannot find name 'error'. Did you mean 'Error'?

8:40:20 PM - Found 4 errors. Watching for file changes.

8:40:27 PM - File change detected. Starting incremental compilation...

_build/src/components/checkout-form.tsx(203,8): error TS2552: Cannot find name 'error'. Did you mean 'Error'?
_build/src/components/checkout-form.tsx(203,54): error TS2552: Cannot find name 'error'. Did you mean 'Error'?

8:40:27 PM - Found 2 errors. Watching for file changes.

8:40:28 PM - File change detected. Starting incremental compilation...

_build/src/components/checkout-form.tsx(203,8): error TS2552: Cannot find name 'error'. Did you mean 'Error'?
_build/src/components/checkout-form.tsx(203,54): error TS2552: Cannot find name 'error'. Did you mean 'Error'?

8:40:28 PM - Found 2 errors. Watching for file changes.

8:40:30 PM - File change detected. Starting incremental compilation...

_build/src/components/checkout-form.tsx(203,8): error TS2552: Cannot find name 'error'. Did you mean 'Error'?
_build/src/components/checkout-form.tsx(203,54): error TS2552: Cannot find name 'error'. Did you mean 'Error'?

8:40:30 PM - Found 2 errors. Watching for file changes.

8:40:34 PM - File change detected. Starting incremental compilation...

_build/src/components/checkout-form.tsx(203,8): error TS2552: Cannot find name 'error'. Did you mean 'Error'?
_build/src/components/checkout-form.tsx(203,54): error TS2552: Cannot find name 'error'. Did you mean 'Error'?

8:40:34 PM - Found 2 errors. Watching for file changes.

8:40:36 PM - File change detected. Starting incremental compilation...

_build/src/components/checkout-form.tsx(203,8): error TS2552: Cannot find name 'error'. Did you mean 'Error'?
_build/src/components/checkout-form.tsx(203,54): error TS2552: Cannot find name 'error'. Did you mean 'Error'?

8:40:37 PM - Found 2 errors. Watching for file changes.

8:40:40 PM - File change detected. Starting incremental compilation...

_build/src/components/checkout-form.tsx(203,8): error TS2552: Cannot find name 'error'. Did you mean 'Error'?
_build/src/components/checkout-form.tsx(203,54): error TS2552: Cannot find name 'error'. Did you mean 'Error'?

8:40:40 PM - Found 2 errors. Watching for file changes.

8:40:41 PM - File change detected. Starting incremental compilation...

_build/src/components/checkout-form.tsx(203,8): error TS2552: Cannot find name 'error'. Did you mean 'Error'?
_build/src/components/checkout-form.tsx(203,54): error TS2552: Cannot find name 'error'. Did you mean 'Error'?

8:40:41 PM - Found 2 errors. Watching for file changes.

8:40:48 PM - File change detected. Starting incremental compilation...

_build/src/components/checkout-form.tsx(203,8): error TS2552: Cannot find name 'error'. Did you mean 'Error'?
_build/src/components/checkout-form.tsx(203,54): error TS2552: Cannot find name 'error'. Did you mean 'Error'?

8:40:48 PM - Found 2 errors. Watching for file changes.

8:40:51 PM - File change detected. Starting incremental compilation...

_build/src/components/checkout-form.tsx(203,8): error TS2552: Cannot find name 'error'. Did you mean 'Error'?
_build/src/components/checkout-form.tsx(203,54): error TS2552: Cannot find name 'error'. Did you mean 'Error'?

8:40:51 PM - Found 2 errors. Watching for file changes.

8:40:53 PM - File change detected. Starting incremental compilation...

_build/src/components/checkout-form.tsx(203,8): error TS2552: Cannot find name 'error'. Did you mean 'Error'?
_build/src/components/checkout-form.tsx(203,54): error TS2552: Cannot find name 'error'. Did you mean 'Error'?

8:40:53 PM - Found 2 errors. Watching for file changes.

8:40:59 PM - File change detected. Starting incremental compilation...


8:40:59 PM - Found 0 errors. Watching for file changes.

8:41:01 PM - File change detected. Starting incremental compilation...


8:41:01 PM - Found 0 errors. Watching for file changes.

8:41:03 PM - File change detected. Starting incremental compilation...


8:41:03 PM - Found 0 errors. Watching for file changes.

8:41:05 PM - File change detected. Starting incremental compilation...


8:41:05 PM - Found 0 errors. Watching for file changes.

8:41:09 PM - File change detected. Starting incremental compilation...


8:41:09 PM - Found 0 errors. Watching for file changes.

8:41:10 PM - File change detected. Starting incremental compilation...


8:41:10 PM - Found 0 errors. Watching for file changes.

8:41:14 PM - File change detected. Starting incremental compilation...


8:41:14 PM - Found 0 errors. Watching for file changes.

8:41:28 PM - File change detected. Starting incremental compilation...


8:41:28 PM - Found 0 errors. Watching for file changes.

8:44:48 PM - File change detected. Starting incremental compilation...

src/components/stripe-checkout.tsx(4,28): error TS2307: Cannot find module '@stripe/js' or its corresponding type declarations.
src/components/stripe-checkout.tsx(5,63): error TS2307: Cannot find module '@stripe/react-stripe-js' or its corresponding type declarations.

8:44:48 PM - Found 2 errors. Watching for file changes.

8:45:34 PM - File change detected. Starting incremental compilation...

src/components/stripe-checkout.tsx(4,28): error TS2307: Cannot find module '@stripe/js' or its corresponding type declarations.
src/components/stripe-checkout.tsx(5,63): error TS2307: Cannot find module '@stripe/react-stripe-js' or its corresponding type declarations.

8:45:35 PM - Found 2 errors. Watching for file changes.

8:46:00 PM - File change detected. Starting incremental compilation...


8:46:02 PM - Found 0 errors. Watching for file changes.

8:46:18 PM - File change detected. Starting incremental compilation...


8:46:18 PM - Found 0 errors. Watching for file changes.

8:46:37 PM - File change detected. Starting incremental compilation...


8:46:37 PM - Found 0 errors. Watching for file changes.

8:46:40 PM - File change detected. Starting incremental compilation...


8:46:40 PM - Found 0 errors. Watching for file changes.

8:46:44 PM - File change detected. Starting incremental compilation...


8:46:44 PM - Found 0 errors. Watching for file changes.

8:46:46 PM - File change detected. Starting incremental compilation...


8:46:46 PM - Found 0 errors. Watching for file changes.

8:46:58 PM - File change detected. Starting incremental compilation...


8:46:59 PM - Found 0 errors. Watching for file changes.

8:47:00 PM - File change detected. Starting incremental compilation...


8:47:00 PM - Found 0 errors. Watching for file changes.

8:47:03 PM - File change detected. Starting incremental compilation...


8:47:03 PM - Found 0 errors. Watching for file changes.

8:47:05 PM - File change detected. Starting incremental compilation...


8:47:05 PM - Found 0 errors. Watching for file changes.

8:47:09 PM - File change detected. Starting incremental compilation...


8:47:09 PM - Found 0 errors. Watching for file changes.

8:47:10 PM - File change detected. Starting incremental compilation...


8:47:10 PM - Found 0 errors. Watching for file changes.

8:47:14 PM - File change detected. Starting incremental compilation...


8:47:14 PM - Found 0 errors. Watching for file changes.

8:47:33 PM - File change detected. Starting incremental compilation...


8:47:33 PM - Found 0 errors. Watching for file changes.

8:48:38 PM - File change detected. Starting incremental compilation...


8:48:39 PM - Found 0 errors. Watching for file changes.

9:03:11 PM - File change detected. Starting incremental compilation...


9:03:11 PM - Found 0 errors. Watching for file changes.

9:03:12 PM - File change detected. Starting incremental compilation...


9:03:12 PM - Found 0 errors. Watching for file changes.

9:03:43 PM - File change detected. Starting incremental compilation...


9:03:43 PM - Found 0 errors. Watching for file changes.

9:03:50 PM - File change detected. Starting incremental compilation...


9:03:51 PM - Found 0 errors. Watching for file changes.

9:04:01 PM - File change detected. Starting incremental compilation...


9:04:01 PM - Found 0 errors. Watching for file changes.

9:04:12 PM - File change detected. Starting incremental compilation...


9:04:12 PM - Found 0 errors. Watching for file changes.

9:04:20 PM - File change detected. Starting incremental compilation...


9:04:20 PM - Found 0 errors. Watching for file changes.

9:04:26 PM - File change detected. Starting incremental compilation...


9:04:26 PM - Found 0 errors. Watching for file changes.

9:04:28 PM - File change detected. Starting incremental compilation...


9:04:29 PM - Found 0 errors. Watching for file changes.

9:04:42 PM - File change detected. Starting incremental compilation...


9:04:43 PM - Found 0 errors. Watching for file changes.

9:05:21 PM - File change detected. Starting incremental compilation...


9:05:21 PM - Found 0 errors. Watching for file changes.

9:05:27 PM - File change detected. Starting incremental compilation...


9:05:27 PM - Found 0 errors. Watching for file changes.

9:05:30 PM - File change detected. Starting incremental compilation...


9:05:30 PM - Found 0 errors. Watching for file changes.

9:05:45 PM - File change detected. Starting incremental compilation...


9:05:45 PM - Found 0 errors. Watching for file changes.

9:05:51 PM - File change detected. Starting incremental compilation...


9:05:51 PM - Found 0 errors. Watching for file changes.

9:06:01 PM - File change detected. Starting incremental compilation...


9:06:01 PM - Found 0 errors. Watching for file changes.

9:06:09 PM - File change detected. Starting incremental compilation...


9:06:09 PM - Found 0 errors. Watching for file changes.

9:06:11 PM - File change detected. Starting incremental compilation...


9:06:11 PM - Found 0 errors. Watching for file changes.

9:06:16 PM - File change detected. Starting incremental compilation...


9:06:16 PM - Found 0 errors. Watching for file changes.

9:06:20 PM - File change detected. Starting incremental compilation...


9:06:20 PM - Found 0 errors. Watching for file changes.

9:06:22 PM - File change detected. Starting incremental compilation...


9:06:23 PM - Found 0 errors. Watching for file changes.

9:06:26 PM - File change detected. Starting incremental compilation...


9:06:26 PM - Found 0 errors. Watching for file changes.

9:06:41 PM - File change detected. Starting incremental compilation...


9:06:41 PM - Found 0 errors. Watching for file changes.

9:06:41 PM - File change detected. Starting incremental compilation...


9:06:42 PM - Found 0 errors. Watching for file changes.

9:06:43 PM - File change detected. Starting incremental compilation...


9:06:43 PM - Found 0 errors. Watching for file changes.

9:06:43 PM - File change detected. Starting incremental compilation...


9:06:43 PM - Found 0 errors. Watching for file changes.

9:06:45 PM - File change detected. Starting incremental compilation...


9:06:45 PM - Found 0 errors. Watching for file changes.

9:06:47 PM - File change detected. Starting incremental compilation...


9:06:47 PM - Found 0 errors. Watching for file changes.

9:06:51 PM - File change detected. Starting incremental compilation...


9:06:51 PM - Found 0 errors. Watching for file changes.

9:06:52 PM - File change detected. Starting incremental compilation...


9:06:52 PM - Found 0 errors. Watching for file changes.

9:06:56 PM - File change detected. Starting incremental compilation...


9:06:56 PM - Found 0 errors. Watching for file changes.

9:15:10 PM - File change detected. Starting incremental compilation...


9:15:11 PM - Found 0 errors. Watching for file changes.

9:15:11 PM - File change detected. Starting incremental compilation...


9:15:11 PM - Found 0 errors. Watching for file changes.

9:15:46 PM - File change detected. Starting incremental compilation...


9:15:46 PM - Found 0 errors. Watching for file changes.

9:15:52 PM - File change detected. Starting incremental compilation...


9:15:52 PM - Found 0 errors. Watching for file changes.

9:15:53 PM - File change detected. Starting incremental compilation...


9:15:53 PM - Found 0 errors. Watching for file changes.

9:15:55 PM - File change detected. Starting incremental compilation...


9:15:55 PM - Found 0 errors. Watching for file changes.

9:15:58 PM - File change detected. Starting incremental compilation...


9:15:58 PM - Found 0 errors. Watching for file changes.

9:16:00 PM - File change detected. Starting incremental compilation...


9:16:01 PM - Found 0 errors. Watching for file changes.

9:16:17 PM - File change detected. Starting incremental compilation...


9:16:17 PM - Found 0 errors. Watching for file changes.

9:16:19 PM - File change detected. Starting incremental compilation...


9:16:19 PM - Found 0 errors. Watching for file changes.

9:16:21 PM - File change detected. Starting incremental compilation...


9:16:21 PM - Found 0 errors. Watching for file changes.

9:16:24 PM - File change detected. Starting incremental compilation...


9:16:24 PM - Found 0 errors. Watching for file changes.

9:16:27 PM - File change detected. Starting incremental compilation...


9:16:27 PM - Found 0 errors. Watching for file changes.

9:16:29 PM - File change detected. Starting incremental compilation...


9:16:29 PM - Found 0 errors. Watching for file changes.

9:16:33 PM - File change detected. Starting incremental compilation...


9:16:33 PM - Found 0 errors. Watching for file changes.

9:21:04 PM - File change detected. Starting incremental compilation...

api/create-payment-intent.ts(1,20): error TS2307: Cannot find module 'stripe' or its corresponding type declarations.
api/create-payment-intent.ts(2,47): error TS2307: Cannot find module '@vercel/node' or its corresponding type declarations.

9:21:04 PM - Found 2 errors. Watching for file changes.

9:21:08 PM - File change detected. Starting incremental compilation...

api/create-payment-intent.ts(1,20): error TS2307: Cannot find module 'stripe' or its corresponding type declarations.
api/create-payment-intent.ts(2,47): error TS2307: Cannot find module '@vercel/node' or its corresponding type declarations.

9:21:08 PM - Found 2 errors. Watching for file changes.

9:21:12 PM - File change detected. Starting incremental compilation...

api/create-payment-intent.ts(1,20): error TS2307: Cannot find module 'stripe' or its corresponding type declarations.
api/create-payment-intent.ts(2,47): error TS2307: Cannot find module '@vercel/node' or its corresponding type declarations.

9:21:12 PM - Found 2 errors. Watching for file changes.

9:21:13 PM - File change detected. Starting incremental compilation...

api/create-payment-intent.ts(1,20): error TS2307: Cannot find module 'stripe' or its corresponding type declarations.
api/create-payment-intent.ts(2,47): error TS2307: Cannot find module '@vercel/node' or its corresponding type declarations.

9:21:13 PM - Found 2 errors. Watching for file changes.

9:21:47 PM - File change detected. Starting incremental compilation...

api/create-payment-intent.ts(1,20): error TS2307: Cannot find module 'stripe' or its corresponding type declarations.

9:21:47 PM - Found 1 error. Watching for file changes.

9:21:50 PM - File change detected. Starting incremental compilation...

api/create-payment-intent.ts(1,20): error TS2307: Cannot find module 'stripe' or its corresponding type declarations.

9:21:50 PM - Found 1 error. Watching for file changes.

9:21:51 PM - File change detected. Starting incremental compilation...


9:21:54 PM - Found 0 errors. Watching for file changes.

9:21:55 PM - File change detected. Starting incremental compilation...


9:21:55 PM - Found 0 errors. Watching for file changes.

9:21:58 PM - File change detected. Starting incremental compilation...


9:21:59 PM - Found 0 errors. Watching for file changes.

9:22:04 PM - File change detected. Starting incremental compilation...


9:22:04 PM - Found 0 errors. Watching for file changes.

9:22:19 PM - File change detected. Starting incremental compilation...


9:22:19 PM - Found 0 errors. Watching for file changes.

9:22:20 PM - File change detected. Starting incremental compilation...


9:22:21 PM - Found 0 errors. Watching for file changes.

9:22:22 PM - File change detected. Starting incremental compilation...


9:22:22 PM - Found 0 errors. Watching for file changes.

9:22:23 PM - File change detected. Starting incremental compilation...


9:22:24 PM - Found 0 errors. Watching for file changes.

9:22:26 PM - File change detected. Starting incremental compilation...


9:22:26 PM - Found 0 errors. Watching for file changes.

9:22:29 PM - File change detected. Starting incremental compilation...


9:22:29 PM - Found 0 errors. Watching for file changes.

9:22:31 PM - File change detected. Starting incremental compilation...


9:22:31 PM - Found 0 errors. Watching for file changes.

9:22:36 PM - File change detected. Starting incremental compilation...


9:22:36 PM - Found 0 errors. Watching for file changes.

9:23:42 PM - File change detected. Starting incremental compilation...


9:23:42 PM - Found 0 errors. Watching for file changes.

9:23:43 PM - File change detected. Starting incremental compilation...


9:23:43 PM - Found 0 errors. Watching for file changes.

9:23:44 PM - File change detected. Starting incremental compilation...


9:23:44 PM - Found 0 errors. Watching for file changes.

9:23:47 PM - File change detected. Starting incremental compilation...


9:23:47 PM - Found 0 errors. Watching for file changes.

9:23:50 PM - File change detected. Starting incremental compilation...


9:23:50 PM - Found 0 errors. Watching for file changes.

9:23:53 PM - File change detected. Starting incremental compilation...


9:23:54 PM - Found 0 errors. Watching for file changes.

9:24:07 PM - File change detected. Starting incremental compilation...


9:24:07 PM - Found 0 errors. Watching for file changes.

9:24:08 PM - File change detected. Starting incremental compilation...


9:24:08 PM - Found 0 errors. Watching for file changes.

9:24:09 PM - File change detected. Starting incremental compilation...


9:24:09 PM - Found 0 errors. Watching for file changes.

9:24:11 PM - File change detected. Starting incremental compilation...


9:24:11 PM - Found 0 errors. Watching for file changes.

9:24:13 PM - File change detected. Starting incremental compilation...


9:24:13 PM - Found 0 errors. Watching for file changes.

9:24:14 PM - File change detected. Starting incremental compilation...


9:24:14 PM - Found 0 errors. Watching for file changes.

9:24:17 PM - File change detected. Starting incremental compilation...


9:24:18 PM - Found 0 errors. Watching for file changes.

9:24:19 PM - File change detected. Starting incremental compilation...


9:24:19 PM - Found 0 errors. Watching for file changes.

9:24:24 PM - File change detected. Starting incremental compilation...


9:24:24 PM - Found 0 errors. Watching for file changes.
